{
  "RSpec": {
    "coverage": {
      "/Users/bryan/turing/1Module/projects/enigma/lib/shifts.rb": {
        "lines": [
          null,
          1,
          1,
          1,
          2,
          2,
          null,
          null,
          1,
          33,
          null,
          null,
          null,
          null,
          null,
          null,
          1,
          33,
          33,
          33,
          null,
          null,
          null,
          null,
          null,
          1,
          165,
          null,
          null,
          null
        ]
      },
      "/Users/bryan/turing/1Module/projects/enigma/lib/key_generator.rb": {
        "lines": [
          1,
          null,
          null,
          null,
          null,
          null,
          1,
          0,
          null,
          null,
          null
        ]
      },
      "/Users/bryan/turing/1Module/projects/enigma/lib/enigma.rb": {
        "lines": [
          1,
          1,
          1,
          null,
          1,
          1,
          null,
          1,
          4,
          null,
          null,
          null,
          1,
          2,
          null,
          null,
          1,
          1,
          null,
          1,
          1,
          1,
          1,
          null,
          1,
          null,
          null,
          null,
          null,
          null,
          1,
          3,
          36,
          3,
          null,
          33,
          33,
          33,
          33,
          null,
          null,
          null,
          null,
          null,
          null
        ]
      }
    },
    "timestamp": 1655086732
  }
}
