{
  "RSpec": {
    "coverage": {
      "/Users/bryan/turing/1Module/projects/enigma/lib/shifts.rb": {
        "lines": [
          null,
          1,
          1,
          1,
          1,
          1,
          null,
          null,
          1,
          11,
          null,
          null,
          null,
          null,
          null,
          null,
          1,
          11,
          11,
          11,
          null,
          null,
          null,
          null,
          null,
          1,
          55,
          null,
          null,
          null
        ]
      },
      "/Users/bryan/turing/1Module/projects/enigma/lib/key_generator.rb": {
        "lines": [
          1,
          null,
          null,
          null,
          null,
          null,
          1,
          0,
          null,
          null,
          null
        ]
      },
      "/Users/bryan/turing/1Module/projects/enigma/lib/enigma.rb": {
        "lines": [
          1,
          1,
          1,
          null,
          1,
          1,
          null,
          1,
          3,
          null,
          null,
          null,
          1,
          2,
          null,
          null,
          1,
          0,
          0,
          0,
          null,
          null,
          1,
          1,
          12,
          1,
          null,
          11,
          11,
          11,
          11,
          null,
          null,
          null,
          null,
          null,
          null
        ]
      }
    },
    "timestamp": 1655082419
  }
}
